<?xml version="1.0" encoding="UTF-8"?>
<!-- Generated by org.testng.reporters.JUnitReportReporter -->
<testsuite hostname="Malli-PC" failures="0" tests="1" name="com.mystore.testcases.LoginPageTest" time="18.389" errors="0" timestamp="2021-12-09T11:49:26 IST" skipped="0">
  <testcase classname="com.mystore.testcases.LoginPageTest" name="logintest" time="18.389"/>
  <system-out/>
</testsuite> <!-- com.mystore.testcases.LoginPageTest -->
