<?xml version="1.0" encoding="UTF-8"?>
<!-- Generated by org.testng.reporters.JUnitReportReporter -->
<testsuite hostname="Malli-PC" failures="0" tests="2" name="com.mystore.testcases.IndexPageTest" time="12.734" errors="0" timestamp="2021-12-09T11:47:11 IST" skipped="1">
  <testcase classname="com.mystore.testcases.IndexPageTest" name="verifiTitle" time="12.734"/>
  <system-out/>
  <testcase classname="com.mystore.testcases.IndexPageTest" name="verifyLogo">
    <skipped/>
  </testcase> <!-- verifyLogo -->
  <system-out/>
</testsuite> <!-- com.mystore.testcases.IndexPageTest -->
