<?xml version="1.0" encoding="UTF-8"?>
<!-- Generated by org.testng.reporters.JUnitReportReporter -->
<testsuite hostname="Malli-PC" failures="0" tests="1" name="com.mystore.testcases.SearchResultsPageTest" time="16.647" errors="0" timestamp="2021-12-07T11:36:15 IST" skipped="0">
  <testcase classname="com.mystore.testcases.SearchResultsPageTest" name="productAvailabityTest" time="16.647"/>
  <system-out/>
</testsuite> <!-- com.mystore.testcases.SearchResultsPageTest -->
