<?xml version="1.0" encoding="UTF-8"?>
<!-- Generated by org.testng.reporters.JUnitReportReporter -->
<testsuite hostname="Malli-PC" failures="0" tests="2" name="com.mystore.testcases.HomePageTest" time="64.158" errors="0" timestamp="2021-12-09T11:47:11 IST" skipped="0">
  <testcase classname="com.mystore.testcases.HomePageTest" name="wishListTest" time="32.688"/>
  <system-out/>
  <testcase classname="com.mystore.testcases.HomePageTest" name="orderhistory_orderDetails" time="31.470"/>
  <system-out/>
</testsuite> <!-- com.mystore.testcases.HomePageTest -->
